<?xml version="1.0" encoding="UTF-8"?>
<coverage generated="1765287319132" clover="3.2.0">
  <project timestamp="1765287319132" name="All files">
    <metrics statements="100" coveredstatements="100" conditionals="7" coveredconditionals="7" methods="33" coveredmethods="33" elements="140" coveredelements="140" complexity="0" loc="100" ncloc="100" packages="1" files="3" classes="3"/>
    <file name="invoice-repo-sample-data.ts" path="C:\Users\MarietaVicheva\OneDrive - Rue Point Media\Desktop\Projects\invoices-app\invoice-repo\src\invoice-repo-sample-data.ts">
      <metrics statements="59" coveredstatements="59" conditionals="0" coveredconditionals="0" methods="6" coveredmethods="6"/>
      <line num="1" count="1" type="stmt"/>
      <line num="2" count="1" type="stmt"/>
      <line num="15" count="1" type="stmt"/>
      <line num="17" count="1" type="stmt"/>
      <line num="27" count="1" type="stmt"/>
      <line num="33" count="1" type="stmt"/>
      <line num="41" count="1" type="stmt"/>
      <line num="49" count="1" type="stmt"/>
      <line num="57" count="1" type="stmt"/>
      <line num="62" count="1" type="stmt"/>
      <line num="68" count="1" type="stmt"/>
      <line num="76" count="10" type="stmt"/>
      <line num="77" count="21" type="stmt"/>
      <line num="78" count="21" type="stmt"/>
      <line num="90" count="1" type="stmt"/>
      <line num="91" count="21" type="stmt"/>
      <line num="92" count="21" type="stmt"/>
      <line num="93" count="10" type="stmt"/>
      <line num="101" count="1" type="stmt"/>
      <line num="105" count="1" type="stmt"/>
      <line num="106" count="1" type="stmt"/>
      <line num="116" count="1" type="stmt"/>
      <line num="119" count="1" type="stmt"/>
      <line num="123" count="1" type="stmt"/>
      <line num="124" count="1" type="stmt"/>
      <line num="134" count="1" type="stmt"/>
      <line num="137" count="1" type="stmt"/>
      <line num="141" count="1" type="stmt"/>
      <line num="142" count="1" type="stmt"/>
      <line num="152" count="1" type="stmt"/>
      <line num="155" count="1" type="stmt"/>
      <line num="158" count="1" type="stmt"/>
      <line num="159" count="1" type="stmt"/>
      <line num="169" count="1" type="stmt"/>
      <line num="172" count="1" type="stmt"/>
      <line num="176" count="1" type="stmt"/>
      <line num="177" count="1" type="stmt"/>
      <line num="187" count="1" type="stmt"/>
      <line num="190" count="1" type="stmt"/>
      <line num="195" count="1" type="stmt"/>
      <line num="196" count="1" type="stmt"/>
      <line num="206" count="1" type="stmt"/>
      <line num="209" count="1" type="stmt"/>
      <line num="213" count="1" type="stmt"/>
      <line num="214" count="1" type="stmt"/>
      <line num="224" count="1" type="stmt"/>
      <line num="227" count="1" type="stmt"/>
      <line num="231" count="1" type="stmt"/>
      <line num="232" count="1" type="stmt"/>
      <line num="242" count="1" type="stmt"/>
      <line num="245" count="1" type="stmt"/>
      <line num="249" count="1" type="stmt"/>
      <line num="250" count="1" type="stmt"/>
      <line num="260" count="1" type="stmt"/>
      <line num="263" count="1" type="stmt"/>
      <line num="268" count="1" type="stmt"/>
      <line num="269" count="1" type="stmt"/>
      <line num="279" count="1" type="stmt"/>
      <line num="281" count="1" type="stmt"/>
    </file>
    <file name="invoice-repo.ts" path="C:\Users\MarietaVicheva\OneDrive - Rue Point Media\Desktop\Projects\invoices-app\invoice-repo\src\invoice-repo.ts">
      <metrics statements="33" coveredstatements="33" conditionals="3" coveredconditionals="3" methods="23" coveredmethods="23"/>
      <line num="12" count="2" type="stmt"/>
      <line num="14" count="35" type="stmt"/>
      <line num="15" count="35" type="stmt"/>
      <line num="16" count="35" type="stmt"/>
      <line num="22" count="35" type="stmt"/>
      <line num="29" count="1" type="stmt"/>
      <line num="36" count="3" type="stmt"/>
      <line num="43" count="3" type="stmt"/>
      <line num="50" count="5" type="stmt"/>
      <line num="59" count="22" type="stmt"/>
      <line num="60" count="22" type="cond" truecount="1" falsecount="0"/>
      <line num="61" count="18" type="stmt"/>
      <line num="63" count="22" type="stmt"/>
      <line num="64" count="22" type="stmt"/>
      <line num="71" count="3" type="stmt"/>
      <line num="78" count="12" type="stmt"/>
      <line num="79" count="12" type="stmt"/>
      <line num="81" count="48" type="stmt"/>
      <line num="89" count="2" type="stmt"/>
      <line num="96" count="3" type="stmt"/>
      <line num="103" count="26" type="stmt"/>
      <line num="104" count="26" type="stmt"/>
      <line num="111" count="4" type="stmt"/>
      <line num="118" count="2" type="stmt"/>
      <line num="125" count="20" type="stmt"/>
      <line num="132" count="2" type="stmt"/>
      <line num="134" count="2" type="stmt"/>
      <line num="142" count="3" type="stmt"/>
      <line num="144" count="4" type="cond" truecount="2" falsecount="0"/>
      <line num="152" count="4" type="stmt"/>
      <line num="153" count="22" type="stmt"/>
      <line num="162" count="4" type="stmt"/>
      <line num="163" count="22" type="stmt"/>
    </file>
    <file name="invoice-types.ts" path="C:\Users\MarietaVicheva\OneDrive - Rue Point Media\Desktop\Projects\invoices-app\invoice-repo\src\invoice-types.ts">
      <metrics statements="8" coveredstatements="8" conditionals="4" coveredconditionals="4" methods="4" coveredmethods="4"/>
      <line num="47" count="2" type="stmt"/>
      <line num="48" count="9" type="cond" truecount="4" falsecount="0"/>
      <line num="54" count="2" type="stmt"/>
      <line num="55" count="3" type="stmt"/>
      <line num="95" count="2" type="stmt"/>
      <line num="96" count="30" type="stmt"/>
      <line num="102" count="2" type="stmt"/>
      <line num="103" count="17" type="stmt"/>
    </file>
  </project>
</coverage>
