{"C:\\Users\\MarietaVicheva\\OneDrive - Rue Point Media\\Desktop\\Projects\\invoices-app\\invoice-repo\\src\\invoice-repo-sample-data.ts": {"path":"C:\\Users\\MarietaVicheva\\OneDrive - Rue Point Media\\Desktop\\Projects\\invoices-app\\invoice-repo\\src\\invoice-repo-sample-data.ts","statementMap":{"0":{"start":{"line":15,"column":0},"end":{"line":15,"column":24}},"1":{"start":{"line":1,"column":0},"end":{"line":1,"column":41}},"2":{"start":{"line":2,"column":0},"end":{"line":2,"column":null}},"3":{"start":{"line":17,"column":39},"end":{"line":24,"column":4}},"4":{"start":{"line":27,"column":15},"end":{"line":30,"column":4}},"5":{"start":{"line":33,"column":28},"end":{"line":39,"column":4}},"6":{"start":{"line":41,"column":28},"end":{"line":47,"column":4}},"7":{"start":{"line":49,"column":28},"end":{"line":55,"column":4}},"8":{"start":{"line":57,"column":31},"end":{"line":60,"column":4}},"9":{"start":{"line":62,"column":31},"end":{"line":65,"column":4}},"10":{"start":{"line":68,"column":29},"end":{"line":87,"column":3}},"11":{"start":{"line":76,"column":4},"end":{"line":86,"column":7}},"12":{"start":{"line":77,"column":30},"end":{"line":77,"column":50}},"13":{"start":{"line":78,"column":6},"end":{"line":85,"column":8}},"14":{"start":{"line":90,"column":33},"end":{"line":98,"column":3}},"15":{"start":{"line":91,"column":21},"end":{"line":91,"column":79}},"16":{"start":{"line":91,"column":49},"end":{"line":91,"column":75}},"17":{"start":{"line":92,"column":16},"end":{"line":92,"column":102}},"18":{"start":{"line":92,"column":44},"end":{"line":92,"column":98}},"19":{"start":{"line":93,"column":4},"end":{"line":97,"column":6}},"20":{"start":{"line":101,"column":17},"end":{"line":104,"column":4}},"21":{"start":{"line":105,"column":18},"end":{"line":105,"column":48}},"22":{"start":{"line":106,"column":28},"end":{"line":115,"column":4}},"23":{"start":{"line":116,"column":2},"end":{"line":116,"column":28}},"24":{"start":{"line":119,"column":17},"end":{"line":122,"column":4}},"25":{"start":{"line":123,"column":18},"end":{"line":123,"column":48}},"26":{"start":{"line":124,"column":28},"end":{"line":133,"column":4}},"27":{"start":{"line":134,"column":2},"end":{"line":134,"column":28}},"28":{"start":{"line":137,"column":17},"end":{"line":140,"column":4}},"29":{"start":{"line":141,"column":18},"end":{"line":141,"column":48}},"30":{"start":{"line":142,"column":28},"end":{"line":151,"column":4}},"31":{"start":{"line":152,"column":2},"end":{"line":152,"column":28}},"32":{"start":{"line":155,"column":17},"end":{"line":157,"column":4}},"33":{"start":{"line":158,"column":18},"end":{"line":158,"column":48}},"34":{"start":{"line":159,"column":28},"end":{"line":168,"column":4}},"35":{"start":{"line":169,"column":2},"end":{"line":169,"column":28}},"36":{"start":{"line":172,"column":17},"end":{"line":175,"column":4}},"37":{"start":{"line":176,"column":18},"end":{"line":176,"column":48}},"38":{"start":{"line":177,"column":28},"end":{"line":186,"column":4}},"39":{"start":{"line":187,"column":2},"end":{"line":187,"column":28}},"40":{"start":{"line":190,"column":17},"end":{"line":194,"column":4}},"41":{"start":{"line":195,"column":18},"end":{"line":195,"column":48}},"42":{"start":{"line":196,"column":28},"end":{"line":205,"column":4}},"43":{"start":{"line":206,"column":2},"end":{"line":206,"column":28}},"44":{"start":{"line":209,"column":17},"end":{"line":212,"column":4}},"45":{"start":{"line":213,"column":18},"end":{"line":213,"column":48}},"46":{"start":{"line":214,"column":28},"end":{"line":223,"column":4}},"47":{"start":{"line":224,"column":2},"end":{"line":224,"column":28}},"48":{"start":{"line":227,"column":17},"end":{"line":230,"column":4}},"49":{"start":{"line":231,"column":18},"end":{"line":231,"column":48}},"50":{"start":{"line":232,"column":28},"end":{"line":241,"column":4}},"51":{"start":{"line":242,"column":2},"end":{"line":242,"column":28}},"52":{"start":{"line":245,"column":17},"end":{"line":248,"column":4}},"53":{"start":{"line":249,"column":18},"end":{"line":249,"column":48}},"54":{"start":{"line":250,"column":28},"end":{"line":259,"column":4}},"55":{"start":{"line":260,"column":2},"end":{"line":260,"column":28}},"56":{"start":{"line":263,"column":18},"end":{"line":267,"column":4}},"57":{"start":{"line":268,"column":19},"end":{"line":268,"column":50}},"58":{"start":{"line":269,"column":29},"end":{"line":278,"column":4}},"59":{"start":{"line":279,"column":2},"end":{"line":279,"column":29}},"60":{"start":{"line":281,"column":2},"end":{"line":281,"column":14}}},"fnMap":{"0":{"name":"generateSampleData","decl":{"start":{"line":15,"column":24},"end":{"line":15,"column":42}},"loc":{"start":{"line":15,"column":42},"end":{"line":282,"column":1}}},"1":{"name":"(anonymous_2)","decl":{"start":{"line":68,"column":29},"end":{"line":68,"column":null}},"loc":{"start":{"line":75,"column":21},"end":{"line":87,"column":3}}},"2":{"name":"(anonymous_3)","decl":{"start":{"line":76,"column":24},"end":{"line":76,"column":25}},"loc":{"start":{"line":76,"column":30},"end":{"line":86,"column":5}}},"3":{"name":"(anonymous_4)","decl":{"start":{"line":90,"column":33},"end":{"line":90,"column":34}},"loc":{"start":{"line":90,"column":58},"end":{"line":98,"column":3}}},"4":{"name":"(anonymous_5)","decl":{"start":{"line":91,"column":34},"end":{"line":91,"column":35}},"loc":{"start":{"line":91,"column":49},"end":{"line":91,"column":75}}},"5":{"name":"(anonymous_6)","decl":{"start":{"line":92,"column":29},"end":{"line":92,"column":30}},"loc":{"start":{"line":92,"column":44},"end":{"line":92,"column":98}}}},"branchMap":{},"s":{"0":1,"1":1,"2":1,"3":1,"4":1,"5":1,"6":1,"7":1,"8":1,"9":1,"10":1,"11":10,"12":21,"13":21,"14":1,"15":10,"16":21,"17":10,"18":21,"19":10,"20":1,"21":1,"22":1,"23":1,"24":1,"25":1,"26":1,"27":1,"28":1,"29":1,"30":1,"31":1,"32":1,"33":1,"34":1,"35":1,"36":1,"37":1,"38":1,"39":1,"40":1,"41":1,"42":1,"43":1,"44":1,"45":1,"46":1,"47":1,"48":1,"49":1,"50":1,"51":1,"52":1,"53":1,"54":1,"55":1,"56":1,"57":1,"58":1,"59":1,"60":1},"f":{"0":1,"1":10,"2":21,"3":10,"4":21,"5":21},"b":{}}
,"C:\\Users\\MarietaVicheva\\OneDrive - Rue Point Media\\Desktop\\Projects\\invoices-app\\invoice-repo\\src\\invoice-repo.ts": {"path":"C:\\Users\\MarietaVicheva\\OneDrive - Rue Point Media\\Desktop\\Projects\\invoices-app\\invoice-repo\\src\\invoice-repo.ts","statementMap":{"0":{"start":{"line":14,"column":10},"end":{"line":14,"column":57}},"1":{"start":{"line":15,"column":10},"end":{"line":15,"column":53}},"2":{"start":{"line":16,"column":10},"end":{"line":16,"column":41}},"3":{"start":{"line":22,"column":4},"end":{"line":22,"column":29}},"4":{"start":{"line":29,"column":4},"end":{"line":29,"column":25}},"5":{"start":{"line":36,"column":4},"end":{"line":36,"column":54}},"6":{"start":{"line":43,"column":4},"end":{"line":43,"column":40}},"7":{"start":{"line":50,"column":4},"end":{"line":50,"column":39}},"8":{"start":{"line":59,"column":33},"end":{"line":59,"column":49}},"9":{"start":{"line":60,"column":4},"end":{"line":62,"column":5}},"10":{"start":{"line":61,"column":6},"end":{"line":61,"column":62}},"11":{"start":{"line":63,"column":4},"end":{"line":63,"column":61}},"12":{"start":{"line":64,"column":4},"end":{"line":64,"column":27}},"13":{"start":{"line":71,"column":4},"end":{"line":71,"column":35}},"14":{"start":{"line":78,"column":23},"end":{"line":78,"column":41}},"15":{"start":{"line":79,"column":4},"end":{"line":82,"column":6}},"16":{"start":{"line":81,"column":8},"end":{"line":81,"column":57}},"17":{"start":{"line":89,"column":4},"end":{"line":89,"column":38}},"18":{"start":{"line":96,"column":4},"end":{"line":96,"column":48}},"19":{"start":{"line":103,"column":4},"end":{"line":103,"column":43}},"20":{"start":{"line":104,"column":4},"end":{"line":104,"column":19}},"21":{"start":{"line":111,"column":4},"end":{"line":111,"column":33}},"22":{"start":{"line":118,"column":4},"end":{"line":118,"column":36}},"23":{"start":{"line":125,"column":4},"end":{"line":125,"column":46}},"24":{"start":{"line":132,"column":4},"end":{"line":135,"column":6}},"25":{"start":{"line":134,"column":9},"end":{"line":134,"column":53}},"26":{"start":{"line":142,"column":4},"end":{"line":145,"column":6}},"27":{"start":{"line":144,"column":8},"end":{"line":144,"column":60}},"28":{"start":{"line":152,"column":4},"end":{"line":155,"column":6}},"29":{"start":{"line":153,"column":24},"end":{"line":153,"column":49}},"30":{"start":{"line":162,"column":4},"end":{"line":165,"column":6}},"31":{"start":{"line":163,"column":24},"end":{"line":163,"column":47}},"32":{"start":{"line":12,"column":0},"end":{"line":12,"column":21}}},"fnMap":{"0":{"name":"(anonymous_0)","decl":{"start":{"line":21,"column":2},"end":{"line":21,"column":14}},"loc":{"start":{"line":21,"column":43},"end":{"line":23,"column":3}}},"1":{"name":"(anonymous_1)","decl":{"start":{"line":28,"column":2},"end":{"line":28,"column":13}},"loc":{"start":{"line":28,"column":13},"end":{"line":30,"column":3}}},"2":{"name":"(anonymous_2)","decl":{"start":{"line":35,"column":2},"end":{"line":35,"column":16}},"loc":{"start":{"line":35,"column":55},"end":{"line":37,"column":3}}},"3":{"name":"(anonymous_3)","decl":{"start":{"line":42,"column":2},"end":{"line":42,"column":19}},"loc":{"start":{"line":42,"column":19},"end":{"line":44,"column":3}}},"4":{"name":"(anonymous_4)","decl":{"start":{"line":49,"column":2},"end":{"line":49,"column":18}},"loc":{"start":{"line":49,"column":18},"end":{"line":51,"column":3}}},"5":{"name":"(anonymous_5)","decl":{"start":{"line":57,"column":2},"end":{"line":57,"column":14}},"loc":{"start":{"line":57,"column":35},"end":{"line":65,"column":3}}},"6":{"name":"(anonymous_6)","decl":{"start":{"line":70,"column":2},"end":{"line":70,"column":19}},"loc":{"start":{"line":70,"column":30},"end":{"line":72,"column":3}}},"7":{"name":"(anonymous_7)","decl":{"start":{"line":77,"column":2},"end":{"line":77,"column":22}},"loc":{"start":{"line":77,"column":35},"end":{"line":83,"column":3}}},"8":{"name":"(anonymous_8)","decl":{"start":{"line":80,"column":6},"end":{"line":80,"column":7}},"loc":{"start":{"line":81,"column":8},"end":{"line":81,"column":57}}},"9":{"name":"(anonymous_9)","decl":{"start":{"line":88,"column":2},"end":{"line":88,"column":17}},"loc":{"start":{"line":88,"column":28},"end":{"line":90,"column":3}}},"10":{"name":"(anonymous_10)","decl":{"start":{"line":95,"column":2},"end":{"line":95,"column":18}},"loc":{"start":{"line":95,"column":18},"end":{"line":97,"column":3}}},"11":{"name":"(anonymous_11)","decl":{"start":{"line":102,"column":2},"end":{"line":102,"column":12}},"loc":{"start":{"line":102,"column":29},"end":{"line":105,"column":3}}},"12":{"name":"(anonymous_12)","decl":{"start":{"line":110,"column":2},"end":{"line":110,"column":17}},"loc":{"start":{"line":110,"column":28},"end":{"line":112,"column":3}}},"13":{"name":"(anonymous_13)","decl":{"start":{"line":117,"column":2},"end":{"line":117,"column":15}},"loc":{"start":{"line":117,"column":26},"end":{"line":119,"column":3}}},"14":{"name":"(anonymous_14)","decl":{"start":{"line":124,"column":2},"end":{"line":124,"column":16}},"loc":{"start":{"line":124,"column":16},"end":{"line":126,"column":3}}},"15":{"name":"(anonymous_15)","decl":{"start":{"line":131,"column":2},"end":{"line":131,"column":24}},"loc":{"start":{"line":131,"column":44},"end":{"line":136,"column":3}}},"16":{"name":"(anonymous_16)","decl":{"start":{"line":133,"column":6},"end":{"line":133,"column":7}},"loc":{"start":{"line":134,"column":9},"end":{"line":134,"column":53}}},"17":{"name":"(anonymous_17)","decl":{"start":{"line":141,"column":2},"end":{"line":141,"column":24}},"loc":{"start":{"line":141,"column":55},"end":{"line":146,"column":3}}},"18":{"name":"(anonymous_18)","decl":{"start":{"line":143,"column":6},"end":{"line":143,"column":7}},"loc":{"start":{"line":144,"column":8},"end":{"line":144,"column":60}}},"19":{"name":"(anonymous_19)","decl":{"start":{"line":151,"column":2},"end":{"line":151,"column":16}},"loc":{"start":{"line":151,"column":16},"end":{"line":156,"column":3}}},"20":{"name":"(anonymous_20)","decl":{"start":{"line":153,"column":6},"end":{"line":153,"column":7}},"loc":{"start":{"line":153,"column":24},"end":{"line":153,"column":49}}},"21":{"name":"(anonymous_21)","decl":{"start":{"line":161,"column":2},"end":{"line":161,"column":13}},"loc":{"start":{"line":161,"column":13},"end":{"line":166,"column":3}}},"22":{"name":"(anonymous_22)","decl":{"start":{"line":163,"column":6},"end":{"line":163,"column":7}},"loc":{"start":{"line":163,"column":24},"end":{"line":163,"column":47}}}},"branchMap":{"0":{"loc":{"start":{"line":60,"column":4},"end":{"line":62,"column":5}},"type":"if","locations":[{"start":{"line":60,"column":4},"end":{"line":62,"column":5}}]},"1":{"loc":{"start":{"line":144,"column":8},"end":{"line":144,"column":60}},"type":"binary-expr","locations":[{"start":{"line":144,"column":8},"end":{"line":144,"column":33}},{"start":{"line":144,"column":37},"end":{"line":144,"column":60}}]}},"s":{"0":35,"1":35,"2":35,"3":35,"4":1,"5":3,"6":3,"7":5,"8":22,"9":22,"10":18,"11":22,"12":22,"13":3,"14":12,"15":12,"16":48,"17":2,"18":3,"19":26,"20":26,"21":4,"22":2,"23":20,"24":2,"25":2,"26":3,"27":4,"28":4,"29":22,"30":4,"31":22,"32":2},"f":{"0":35,"1":1,"2":3,"3":3,"4":5,"5":22,"6":3,"7":12,"8":48,"9":2,"10":3,"11":26,"12":4,"13":2,"14":20,"15":2,"16":2,"17":3,"18":4,"19":4,"20":22,"21":4,"22":22},"b":{"0":[18],"1":[4,3]}}
,"C:\\Users\\MarietaVicheva\\OneDrive - Rue Point Media\\Desktop\\Projects\\invoices-app\\invoice-repo\\src\\invoice-types.ts": {"path":"C:\\Users\\MarietaVicheva\\OneDrive - Rue Point Media\\Desktop\\Projects\\invoices-app\\invoice-repo\\src\\invoice-types.ts","statementMap":{"0":{"start":{"line":47,"column":0},"end":{"line":47,"column":16}},"1":{"start":{"line":54,"column":0},"end":{"line":54,"column":16}},"2":{"start":{"line":95,"column":0},"end":{"line":95,"column":16}},"3":{"start":{"line":102,"column":0},"end":{"line":102,"column":16}},"4":{"start":{"line":48,"column":2},"end":{"line":48,"column":103}},"5":{"start":{"line":55,"column":2},"end":{"line":55,"column":40}},"6":{"start":{"line":96,"column":2},"end":{"line":96,"column":34}},"7":{"start":{"line":103,"column":2},"end":{"line":103,"column":30}}},"fnMap":{"0":{"name":"isRecipientCompany","decl":{"start":{"line":47,"column":16},"end":{"line":47,"column":34}},"loc":{"start":{"line":47,"column":55},"end":{"line":49,"column":1}}},"1":{"name":"isRecipientIndividual","decl":{"start":{"line":54,"column":16},"end":{"line":54,"column":37}},"loc":{"start":{"line":54,"column":58},"end":{"line":56,"column":1}}},"2":{"name":"calculateVat","decl":{"start":{"line":95,"column":16},"end":{"line":95,"column":28}},"loc":{"start":{"line":95,"column":60},"end":{"line":97,"column":1}}},"3":{"name":"calculateTotal","decl":{"start":{"line":102,"column":16},"end":{"line":102,"column":30}},"loc":{"start":{"line":102,"column":66},"end":{"line":104,"column":1}}}},"branchMap":{"0":{"loc":{"start":{"line":48,"column":9},"end":{"line":48,"column":102}},"type":"binary-expr","locations":[{"start":{"line":48,"column":9},"end":{"line":48,"column":26}},{"start":{"line":48,"column":30},"end":{"line":48,"column":50}},{"start":{"line":48,"column":54},"end":{"line":48,"column":76}},{"start":{"line":48,"column":80},"end":{"line":48,"column":102}}]}},"s":{"0":2,"1":2,"2":2,"3":2,"4":9,"5":3,"6":30,"7":17},"f":{"0":9,"1":3,"2":30,"3":17},"b":{"0":[9,7,6,5]}}
}
