TN:
SF:src\invoice-repo-sample-data.ts
FN:15,generateSampleData
FN:68,(anonymous_2)
FN:76,(anonymous_3)
FN:90,(anonymous_4)
FN:91,(anonymous_5)
FN:92,(anonymous_6)
FNF:6
FNH:6
FNDA:1,generateSampleData
FNDA:10,(anonymous_2)
FNDA:21,(anonymous_3)
FNDA:10,(anonymous_4)
FNDA:21,(anonymous_5)
FNDA:21,(anonymous_6)
DA:1,1
DA:2,1
DA:15,1
DA:17,1
DA:27,1
DA:33,1
DA:41,1
DA:49,1
DA:57,1
DA:62,1
DA:68,1
DA:76,10
DA:77,21
DA:78,21
DA:90,1
DA:91,21
DA:92,21
DA:93,10
DA:101,1
DA:105,1
DA:106,1
DA:116,1
DA:119,1
DA:123,1
DA:124,1
DA:134,1
DA:137,1
DA:141,1
DA:142,1
DA:152,1
DA:155,1
DA:158,1
DA:159,1
DA:169,1
DA:172,1
DA:176,1
DA:177,1
DA:187,1
DA:190,1
DA:195,1
DA:196,1
DA:206,1
DA:209,1
DA:213,1
DA:214,1
DA:224,1
DA:227,1
DA:231,1
DA:232,1
DA:242,1
DA:245,1
DA:249,1
DA:250,1
DA:260,1
DA:263,1
DA:268,1
DA:269,1
DA:279,1
DA:281,1
LF:59
LH:59
BRF:0
BRH:0
end_of_record
TN:
SF:src\invoice-repo.ts
FN:21,(anonymous_0)
FN:28,(anonymous_1)
FN:35,(anonymous_2)
FN:42,(anonymous_3)
FN:49,(anonymous_4)
FN:57,(anonymous_5)
FN:70,(anonymous_6)
FN:77,(anonymous_7)
FN:80,(anonymous_8)
FN:88,(anonymous_9)
FN:95,(anonymous_10)
FN:102,(anonymous_11)
FN:110,(anonymous_12)
FN:117,(anonymous_13)
FN:124,(anonymous_14)
FN:131,(anonymous_15)
FN:133,(anonymous_16)
FN:141,(anonymous_17)
FN:143,(anonymous_18)
FN:151,(anonymous_19)
FN:153,(anonymous_20)
FN:161,(anonymous_21)
FN:163,(anonymous_22)
FNF:23
FNH:23
FNDA:35,(anonymous_0)
FNDA:1,(anonymous_1)
FNDA:3,(anonymous_2)
FNDA:3,(anonymous_3)
FNDA:5,(anonymous_4)
FNDA:22,(anonymous_5)
FNDA:3,(anonymous_6)
FNDA:12,(anonymous_7)
FNDA:48,(anonymous_8)
FNDA:2,(anonymous_9)
FNDA:3,(anonymous_10)
FNDA:26,(anonymous_11)
FNDA:4,(anonymous_12)
FNDA:2,(anonymous_13)
FNDA:20,(anonymous_14)
FNDA:2,(anonymous_15)
FNDA:2,(anonymous_16)
FNDA:3,(anonymous_17)
FNDA:4,(anonymous_18)
FNDA:4,(anonymous_19)
FNDA:22,(anonymous_20)
FNDA:4,(anonymous_21)
FNDA:22,(anonymous_22)
DA:12,2
DA:14,35
DA:15,35
DA:16,35
DA:22,35
DA:29,1
DA:36,3
DA:43,3
DA:50,5
DA:59,22
DA:60,22
DA:61,18
DA:63,22
DA:64,22
DA:71,3
DA:78,12
DA:79,12
DA:81,48
DA:89,2
DA:96,3
DA:103,26
DA:104,26
DA:111,4
DA:118,2
DA:125,20
DA:132,2
DA:134,2
DA:142,3
DA:144,4
DA:152,4
DA:153,22
DA:162,4
DA:163,22
LF:33
LH:33
BRDA:60,0,0,18
BRDA:144,1,0,4
BRDA:144,1,1,3
BRF:3
BRH:3
end_of_record
TN:
SF:src\invoice-types.ts
FN:47,isRecipientCompany
FN:54,isRecipientIndividual
FN:95,calculateVat
FN:102,calculateTotal
FNF:4
FNH:4
FNDA:9,isRecipientCompany
FNDA:3,isRecipientIndividual
FNDA:30,calculateVat
FNDA:17,calculateTotal
DA:47,2
DA:48,9
DA:54,2
DA:55,3
DA:95,2
DA:96,30
DA:102,2
DA:103,17
LF:8
LH:8
BRDA:48,0,0,9
BRDA:48,0,1,7
BRDA:48,0,2,6
BRDA:48,0,3,5
BRF:4
BRH:4
end_of_record
